# JRE version: OpenJDK Runtime Environment (17.0.9) (build 17.0.9+0--11185874)
# Java VM: OpenJDK 64-Bit Server VM (17.0.9+0--11185874, mixed mode, tiered, compressed oops, compressed class ptrs, g1 gc, windows-amd64)
GC Precious Log:
 CPUs: 16 total, 16 available
 Memory: 15775M
 Large Page Support: Disabled
 NUMA Support: Disabled
 Compressed Oops: Enabled (32-bit)
 Heap Region Size: 1M
 Heap Min Capacity: 8M
 Heap Initial Capacity: 248M
 Heap Max Capacity: 2G
 Pre-touch: Disabled
 Parallel Workers: 13
 Concurrent Workers: 3
 Concurrent Refinement Workers: 13
 Periodic GC: Disabled
Heap:
 garbage-first heap   total 350208K, used 145648K [0x0000000080000000, 0x0000000100000000)
  region size 1024K, 28 young (28672K), 3 survivors (3072K)
 Metaspace       used 147315K, committed 148672K, reserved 1179648K
  class space    used 21513K, committed 22208K, reserved 1048576K
GC Heap History (20 events):
Event: 603.872 GC heap before
{Heap before GC invocations=73 (full 0):
 garbage-first heap   total 350208K, used 155391K [0x0000000080000000, 0x0000000100000000)
  region size 1024K, 17 young (17408K), 8 survivors (8192K)
 Metaspace       used 145368K, committed 146560K, reserved 1179648K
  class space    used 21295K, committed 21952K, reserved 1048576K
}
Event: 603.876 GC heap after
{Heap after GC invocations=74 (full 0):
 garbage-first heap   total 350208K, used 125375K [0x0000000080000000, 0x0000000100000000)
  region size 1024K, 2 young (2048K), 2 survivors (2048K)
 Metaspace       used 145368K, committed 146560K, reserved 1179648K
  class space    used 21295K, committed 21952K, reserved 1048576K
}
Event: 604.288 GC heap before
{Heap before GC invocations=74 (full 0):
 garbage-first heap   total 350208K, used 179647K [0x0000000080000000, 0x0000000100000000)
  region size 1024K, 57 young (58368K), 2 survivors (2048K)
 Metaspace       used 145575K, committed 146752K, reserved 1179648K
  class space    used 21310K, committed 21952K, reserved 1048576K
}
Event: 604.294 GC heap after
{Heap after GC invocations=75 (full 0):
 garbage-first heap   total 350208K, used 133405K [0x0000000080000000, 0x0000000100000000)
  region size 1024K, 10 young (10240K), 10 survivors (10240K)
 Metaspace       used 145575K, committed 146752K, reserved 1179648K
  class space    used 21310K, committed 21952K, reserved 1048576K
}
Event: 850.080 GC heap before
{Heap before GC invocations=76 (full 0):
 garbage-first heap   total 350208K, used 308509K [0x0000000080000000, 0x0000000100000000)
  region size 1024K, 153 young (156672K), 10 survivors (10240K)
 Metaspace       used 145841K, committed 147008K, reserved 1179648K
  class space    used 21314K, committed 21952K, reserved 1048576K
}
Event: 850.086 GC heap after
{Heap after GC invocations=77 (full 0):
 garbage-first heap   total 350208K, used 135698K [0x0000000080000000, 0x0000000100000000)
  region size 1024K, 10 young (10240K), 10 survivors (10240K)
 Metaspace       used 145841K, committed 147008K, reserved 1179648K
  class space    used 21314K, committed 21952K, reserved 1048576K
}
Event: 850.147 GC heap before
{Heap before GC invocations=77 (full 0):
 garbage-first heap   total 350208K, used 141842K [0x0000000080000000, 0x0000000100000000)
  region size 1024K, 17 young (17408K), 10 survivors (10240K)
 Metaspace       used 145861K, committed 147008K, reserved 1179648K
  class space    used 21314K, committed 21952K, reserved 1048576K
}
Event: 850.157 GC heap after
{Heap after GC invocations=78 (full 0):
 garbage-first heap   total 350208K, used 121297K [0x0000000080000000, 0x0000000100000000)
  region size 1024K, 3 young (3072K), 3 survivors (3072K)
 Metaspace       used 145861K, committed 147008K, reserved 1179648K
  class space    used 21314K, committed 21952K, reserved 1048576K
}
Event: 850.727 GC heap before
{Heap before GC invocations=78 (full 0):
 garbage-first heap   total 350208K, used 184785K [0x0000000080000000, 0x0000000100000000)
  region size 1024K, 67 young (68608K), 3 survivors (3072K)
 Metaspace       used 146031K, committed 147200K, reserved 1179648K
  class space    used 21315K, committed 21952K, reserved 1048576K
}
Event: 850.735 GC heap after
{Heap after GC invocations=79 (full 0):
 garbage-first heap   total 350208K, used 129297K [0x0000000080000000, 0x0000000100000000)
  region size 1024K, 11 young (11264K), 11 survivors (11264K)
 Metaspace       used 146031K, committed 147200K, reserved 1179648K
  class space    used 21315K, committed 21952K, reserved 1048576K
}
Event: 965.557 GC heap before
{Heap before GC invocations=80 (full 0):
 garbage-first heap   total 350208K, used 279825K [0x0000000080000000, 0x0000000100000000)
  region size 1024K, 153 young (156672K), 11 survivors (11264K)
 Metaspace       used 146541K, committed 147712K, reserved 1179648K
  class space    used 21371K, committed 21952K, reserved 1048576K
}
Event: 965.567 GC heap after
{Heap after GC invocations=81 (full 0):
 garbage-first heap   total 350208K, used 138086K [0x0000000080000000, 0x0000000100000000)
  region size 1024K, 16 young (16384K), 16 survivors (16384K)
 Metaspace       used 146541K, committed 147712K, reserved 1179648K
  class space    used 21371K, committed 21952K, reserved 1048576K
}
Event: 965.577 GC heap before
{Heap before GC invocations=81 (full 0):
 garbage-first heap   total 350208K, used 139110K [0x0000000080000000, 0x0000000100000000)
  region size 1024K, 17 young (17408K), 16 survivors (16384K)
 Metaspace       used 146542K, committed 147712K, reserved 1179648K
  class space    used 21371K, committed 21952K, reserved 1048576K
}
Event: 965.586 GC heap after
{Heap after GC invocations=82 (full 0):
 garbage-first heap   total 350208K, used 128198K [0x0000000080000000, 0x0000000100000000)
  region size 1024K, 3 young (3072K), 3 survivors (3072K)
 Metaspace       used 146542K, committed 147712K, reserved 1179648K
  class space    used 21371K, committed 21952K, reserved 1048576K
}
Event: 965.844 GC heap before
{Heap before GC invocations=82 (full 0):
 garbage-first heap   total 350208K, used 156870K [0x0000000080000000, 0x0000000100000000)
  region size 1024K, 33 young (33792K), 3 survivors (3072K)
 Metaspace       used 146802K, committed 148096K, reserved 1179648K
  class space    used 21436K, committed 22080K, reserved 1048576K
}
Event: 965.848 GC heap after
{Heap after GC invocations=83 (full 0):
 garbage-first heap   total 350208K, used 131072K [0x0000000080000000, 0x0000000100000000)
  region size 1024K, 5 young (5120K), 5 survivors (5120K)
 Metaspace       used 146802K, committed 148096K, reserved 1179648K
  class space    used 21436K, committed 22080K, reserved 1048576K
}
Event: 994.217 GC heap before
{Heap before GC invocations=84 (full 0):
 garbage-first heap   total 350208K, used 289792K [0x0000000080000000, 0x0000000100000000)
  region size 1024K, 132 young (135168K), 5 survivors (5120K)
 Metaspace       used 147190K, committed 148672K, reserved 1179648K
  class space    used 21502K, committed 22208K, reserved 1048576K
}
Event: 994.219 GC heap after
{Heap after GC invocations=85 (full 0):
 garbage-first heap   total 350208K, used 133725K [0x0000000080000000, 0x0000000100000000)
  region size 1024K, 6 young (6144K), 6 survivors (6144K)
 Metaspace       used 147190K, committed 148672K, reserved 1179648K
  class space    used 21502K, committed 22208K, reserved 1048576K
}
Event: 994.283 GC heap before
{Heap before GC invocations=85 (full 0):
 garbage-first heap   total 350208K, used 143965K [0x0000000080000000, 0x0000000100000000)
  region size 1024K, 17 young (17408K), 6 survivors (6144K)
 Metaspace       used 147211K, committed 148672K, reserved 1179648K
  class space    used 21502K, committed 22208K, reserved 1048576K
}
Event: 994.288 GC heap after
{Heap after GC invocations=86 (full 0):
 garbage-first heap   total 350208K, used 122096K [0x0000000080000000, 0x0000000100000000)
  region size 1024K, 3 young (3072K), 3 survivors (3072K)
 Metaspace       used 147211K, committed 148672K, reserved 1179648K
  class space    used 21502K, committed 22208K, reserved 1048576K
}

