# JRE version: OpenJDK Runtime Environment (17.0.9) (build 17.0.9+0--11185874)
# Java VM: OpenJDK 64-Bit Server VM (17.0.9+0--11185874, mixed mode, tiered, compressed oops, compressed class ptrs, g1 gc, windows-amd64)
GC Precious Log:
 CPUs: 16 total, 16 available
 Memory: 15775M
 Large Page Support: Disabled
 NUMA Support: Disabled
 Compressed Oops: Enabled (32-bit)
 Heap Region Size: 1M
 Heap Min Capacity: 8M
 Heap Initial Capacity: 248M
 Heap Max Capacity: 2G
 Pre-touch: Disabled
 Parallel Workers: 13
 Concurrent Workers: 3
 Concurrent Refinement Workers: 13
 Periodic GC: Disabled
Heap:
 garbage-first heap   total 344064K, used 250161K [0x0000000080000000, 0x0000000100000000)
  region size 1024K, 124 young (126976K), 2 survivors (2048K)
 Metaspace       used 126575K, committed 127424K, reserved 1179648K
  class space    used 17623K, committed 18048K, reserved 1048576K
GC Heap History (20 events):
Event: 7.437 GC heap before
{Heap before GC invocations=34 (full 0):
 garbage-first heap   total 142336K, used 116692K [0x0000000080000000, 0x0000000100000000)
  region size 1024K, 46 young (47104K), 4 survivors (4096K)
 Metaspace       used 86744K, committed 87424K, reserved 1179648K
  class space    used 12043K, committed 12352K, reserved 1048576K
}
Event: 7.439 GC heap after
{Heap after GC invocations=35 (full 0):
 garbage-first heap   total 142336K, used 76191K [0x0000000080000000, 0x0000000100000000)
  region size 1024K, 6 young (6144K), 6 survivors (6144K)
 Metaspace       used 86744K, committed 87424K, reserved 1179648K
  class space    used 12043K, committed 12352K, reserved 1048576K
}
Event: 7.755 GC heap before
{Heap before GC invocations=35 (full 0):
 garbage-first heap   total 142336K, used 118175K [0x0000000080000000, 0x0000000100000000)
  region size 1024K, 47 young (48128K), 6 survivors (6144K)
 Metaspace       used 90490K, committed 91200K, reserved 1179648K
  class space    used 12571K, committed 12928K, reserved 1048576K
}
Event: 7.758 GC heap after
{Heap after GC invocations=36 (full 0):
 garbage-first heap   total 142336K, used 78774K [0x0000000080000000, 0x0000000100000000)
  region size 1024K, 6 young (6144K), 6 survivors (6144K)
 Metaspace       used 90490K, committed 91200K, reserved 1179648K
  class space    used 12571K, committed 12928K, reserved 1048576K
}
Event: 8.141 GC heap before
{Heap before GC invocations=36 (full 0):
 garbage-first heap   total 142336K, used 117686K [0x0000000080000000, 0x0000000100000000)
  region size 1024K, 45 young (46080K), 6 survivors (6144K)
 Metaspace       used 93274K, committed 93952K, reserved 1179648K
  class space    used 13098K, committed 13440K, reserved 1048576K
}
Event: 8.145 GC heap after
{Heap after GC invocations=37 (full 0):
 garbage-first heap   total 142336K, used 82471K [0x0000000080000000, 0x0000000100000000)
  region size 1024K, 6 young (6144K), 6 survivors (6144K)
 Metaspace       used 93274K, committed 93952K, reserved 1179648K
  class space    used 13098K, committed 13440K, reserved 1048576K
}
Event: 8.258 GC heap before
{Heap before GC invocations=37 (full 0):
 garbage-first heap   total 142336K, used 117287K [0x0000000080000000, 0x0000000100000000)
  region size 1024K, 41 young (41984K), 6 survivors (6144K)
 Metaspace       used 93638K, committed 94400K, reserved 1179648K
  class space    used 13179K, committed 13568K, reserved 1048576K
}
Event: 8.262 GC heap after
{Heap after GC invocations=38 (full 0):
 garbage-first heap   total 142336K, used 86897K [0x0000000080000000, 0x0000000100000000)
  region size 1024K, 5 young (5120K), 5 survivors (5120K)
 Metaspace       used 93638K, committed 94400K, reserved 1179648K
  class space    used 13179K, committed 13568K, reserved 1048576K
}
Event: 8.405 GC heap before
{Heap before GC invocations=38 (full 0):
 garbage-first heap   total 142336K, used 117617K [0x0000000080000000, 0x0000000100000000)
  region size 1024K, 36 young (36864K), 5 survivors (5120K)
 Metaspace       used 93948K, committed 94720K, reserved 1179648K
  class space    used 13189K, committed 13568K, reserved 1048576K
}
Event: 8.409 GC heap after
{Heap after GC invocations=39 (full 0):
 garbage-first heap   total 344064K, used 88969K [0x0000000080000000, 0x0000000100000000)
  region size 1024K, 4 young (4096K), 4 survivors (4096K)
 Metaspace       used 93948K, committed 94720K, reserved 1179648K
  class space    used 13189K, committed 13568K, reserved 1048576K
}
Event: 9.086 GC heap before
{Heap before GC invocations=39 (full 0):
 garbage-first heap   total 344064K, used 269193K [0x0000000080000000, 0x0000000100000000)
  region size 1024K, 181 young (185344K), 4 survivors (4096K)
 Metaspace       used 95329K, committed 96064K, reserved 1179648K
  class space    used 13319K, committed 13696K, reserved 1048576K
}
Event: 9.096 GC heap after
{Heap after GC invocations=40 (full 0):
 garbage-first heap   total 344064K, used 99864K [0x0000000080000000, 0x0000000100000000)
  region size 1024K, 15 young (15360K), 15 survivors (15360K)
 Metaspace       used 95329K, committed 96064K, reserved 1179648K
  class space    used 13319K, committed 13696K, reserved 1048576K
}
Event: 81.305 GC heap before
{Heap before GC invocations=40 (full 0):
 garbage-first heap   total 344064K, used 268824K [0x0000000080000000, 0x0000000100000000)
  region size 1024K, 174 young (178176K), 15 survivors (15360K)
 Metaspace       used 101555K, committed 102272K, reserved 1179648K
  class space    used 14026K, committed 14400K, reserved 1048576K
}
Event: 81.318 GC heap after
{Heap after GC invocations=41 (full 0):
 garbage-first heap   total 344064K, used 118511K [0x0000000080000000, 0x0000000100000000)
  region size 1024K, 20 young (20480K), 20 survivors (20480K)
 Metaspace       used 101555K, committed 102272K, reserved 1179648K
  class space    used 14026K, committed 14400K, reserved 1048576K
}
Event: 81.340 GC heap before
{Heap before GC invocations=41 (full 0):
 garbage-first heap   total 344064K, used 120559K [0x0000000080000000, 0x0000000100000000)
  region size 1024K, 24 young (24576K), 20 survivors (20480K)
 Metaspace       used 102274K, committed 102976K, reserved 1179648K
  class space    used 14151K, committed 14528K, reserved 1048576K
}
Event: 81.346 GC heap after
{Heap after GC invocations=42 (full 0):
 garbage-first heap   total 344064K, used 119829K [0x0000000080000000, 0x0000000100000000)
  region size 1024K, 2 young (2048K), 2 survivors (2048K)
 Metaspace       used 102274K, committed 102976K, reserved 1179648K
  class space    used 14151K, committed 14528K, reserved 1048576K
}
Event: 82.905 GC heap before
{Heap before GC invocations=43 (full 0):
 garbage-first heap   total 344064K, used 274453K [0x0000000080000000, 0x0000000100000000)
  region size 1024K, 154 young (157696K), 2 survivors (2048K)
 Metaspace       used 112674K, committed 113472K, reserved 1179648K
  class space    used 15493K, committed 15872K, reserved 1048576K
}
Event: 82.911 GC heap after
{Heap after GC invocations=44 (full 0):
 garbage-first heap   total 344064K, used 129022K [0x0000000080000000, 0x0000000100000000)
  region size 1024K, 13 young (13312K), 13 survivors (13312K)
 Metaspace       used 112674K, committed 113472K, reserved 1179648K
  class space    used 15493K, committed 15872K, reserved 1048576K
}
Event: 82.939 GC heap before
{Heap before GC invocations=44 (full 0):
 garbage-first heap   total 344064K, used 131070K [0x0000000080000000, 0x0000000100000000)
  region size 1024K, 16 young (16384K), 13 survivors (13312K)
 Metaspace       used 113064K, committed 113856K, reserved 1179648K
  class space    used 15543K, committed 15936K, reserved 1048576K
}
Event: 82.944 GC heap after
{Heap after GC invocations=45 (full 0):
 garbage-first heap   total 344064K, used 127281K [0x0000000080000000, 0x0000000100000000)
  region size 1024K, 2 young (2048K), 2 survivors (2048K)
 Metaspace       used 113064K, committed 113856K, reserved 1179648K
  class space    used 15543K, committed 15936K, reserved 1048576K
}

